<?xml version="1.0" encoding="UTF-8"?>
<!-- Generated by org.testng.reporters.JUnitReportReporter -->
<testsuite hostname="DESKTOP-2HDRPNE" failures="0" tests="5" name="firstproject.testcases" time="23.781" errors="0" timestamp="2023-11-29T08:50:54 EET" skipped="0">
  <testcase classname="firstproject.testcases" name="mytest" time="3.698"/>
  <system-out/>
  <testcase classname="firstproject.testcases" name="mytest" time="3.781"/>
  <system-out/>
  <testcase classname="firstproject.testcases" name="mytest" time="8.727"/>
  <system-out/>
  <testcase classname="firstproject.testcases" name="mytest" time="3.773"/>
  <system-out/>
  <testcase classname="firstproject.testcases" name="mytest" time="3.802"/>
  <system-out/>
</testsuite> <!-- firstproject.testcases -->
